/home/prateek/ros2_ws/install/can_to_ros2_decoder/lib/python3.10/site-packages/can_to_ros2_decoder/can_data_logger.py
/home/prateek/ros2_ws/install/can_to_ros2_decoder/lib/python3.10/site-packages/can_to_ros2_decoder/can_decoder.py
/home/prateek/ros2_ws/install/can_to_ros2_decoder/lib/python3.10/site-packages/can_to_ros2_decoder/can_data_sender_test.py
/home/prateek/ros2_ws/install/can_to_ros2_decoder/lib/python3.10/site-packages/can_to_ros2_decoder/can_data_visualizer.py
/home/prateek/ros2_ws/install/can_to_ros2_decoder/lib/python3.10/site-packages/can_to_ros2_decoder/__init__.py
/home/prateek/ros2_ws/install/can_to_ros2_decoder/lib/python3.10/site-packages/can_to_ros2_decoder/__pycache__/can_data_logger.cpython-310.pyc
/home/prateek/ros2_ws/install/can_to_ros2_decoder/lib/python3.10/site-packages/can_to_ros2_decoder/__pycache__/can_decoder.cpython-310.pyc
/home/prateek/ros2_ws/install/can_to_ros2_decoder/lib/python3.10/site-packages/can_to_ros2_decoder/__pycache__/can_data_sender_test.cpython-310.pyc
/home/prateek/ros2_ws/install/can_to_ros2_decoder/lib/python3.10/site-packages/can_to_ros2_decoder/__pycache__/can_data_visualizer.cpython-310.pyc
/home/prateek/ros2_ws/install/can_to_ros2_decoder/lib/python3.10/site-packages/can_to_ros2_decoder/__pycache__/__init__.cpython-310.pyc
/home/prateek/ros2_ws/install/can_to_ros2_decoder/share/ament_index/resource_index/packages/can_to_ros2_decoder
/home/prateek/ros2_ws/install/can_to_ros2_decoder/share/can_to_ros2_decoder/package.xml
/home/prateek/ros2_ws/install/can_to_ros2_decoder/lib/python3.10/site-packages/can_to_ros2_decoder-0.0.0-py3.10.egg-info/PKG-INFO
/home/prateek/ros2_ws/install/can_to_ros2_decoder/lib/python3.10/site-packages/can_to_ros2_decoder-0.0.0-py3.10.egg-info/requires.txt
/home/prateek/ros2_ws/install/can_to_ros2_decoder/lib/python3.10/site-packages/can_to_ros2_decoder-0.0.0-py3.10.egg-info/entry_points.txt
/home/prateek/ros2_ws/install/can_to_ros2_decoder/lib/python3.10/site-packages/can_to_ros2_decoder-0.0.0-py3.10.egg-info/top_level.txt
/home/prateek/ros2_ws/install/can_to_ros2_decoder/lib/python3.10/site-packages/can_to_ros2_decoder-0.0.0-py3.10.egg-info/zip-safe
/home/prateek/ros2_ws/install/can_to_ros2_decoder/lib/python3.10/site-packages/can_to_ros2_decoder-0.0.0-py3.10.egg-info/dependency_links.txt
/home/prateek/ros2_ws/install/can_to_ros2_decoder/lib/python3.10/site-packages/can_to_ros2_decoder-0.0.0-py3.10.egg-info/SOURCES.txt
/home/prateek/ros2_ws/install/can_to_ros2_decoder/lib/can_to_ros2_decoder/can_data_logger
/home/prateek/ros2_ws/install/can_to_ros2_decoder/lib/can_to_ros2_decoder/can_data_sender_test
/home/prateek/ros2_ws/install/can_to_ros2_decoder/lib/can_to_ros2_decoder/can_data_visualizer
/home/prateek/ros2_ws/install/can_to_ros2_decoder/lib/can_to_ros2_decoder/can_decoder
