running egg_info
writing ../../build/can_to_ros2_decoder/can_to_ros2_decoder.egg-info/PKG-INFO
writing dependency_links to ../../build/can_to_ros2_decoder/can_to_ros2_decoder.egg-info/dependency_links.txt
writing entry points to ../../build/can_to_ros2_decoder/can_to_ros2_decoder.egg-info/entry_points.txt
writing requirements to ../../build/can_to_ros2_decoder/can_to_ros2_decoder.egg-info/requires.txt
writing top-level names to ../../build/can_to_ros2_decoder/can_to_ros2_decoder.egg-info/top_level.txt
reading manifest file '../../build/can_to_ros2_decoder/can_to_ros2_decoder.egg-info/SOURCES.txt'
writing manifest file '../../build/can_to_ros2_decoder/can_to_ros2_decoder.egg-info/SOURCES.txt'
running build
running build_py
running install
running install_lib
running install_data
running install_egg_info
removing '/home/prateek/ros2_ws/install/can_to_ros2_decoder/lib/python3.10/site-packages/can_to_ros2_decoder-0.0.0-py3.10.egg-info' (and everything under it)
Copying ../../build/can_to_ros2_decoder/can_to_ros2_decoder.egg-info to /home/prateek/ros2_ws/install/can_to_ros2_decoder/lib/python3.10/site-packages/can_to_ros2_decoder-0.0.0-py3.10.egg-info
running install_scripts
Installing can_data_logger script to /home/prateek/ros2_ws/install/can_to_ros2_decoder/lib/can_to_ros2_decoder
Installing can_data_sender_test script to /home/prateek/ros2_ws/install/can_to_ros2_decoder/lib/can_to_ros2_decoder
Installing can_data_visualizer script to /home/prateek/ros2_ws/install/can_to_ros2_decoder/lib/can_to_ros2_decoder
Installing can_decoder script to /home/prateek/ros2_ws/install/can_to_ros2_decoder/lib/can_to_ros2_decoder
writing list of installed files to '/home/prateek/ros2_ws/build/can_to_ros2_decoder/install.log'
