[0.522s] Invoking command in '/home/prateek/ros2_ws/src/can_to_ros2_decoder': PYTHONPATH=/home/prateek/ros2_ws/build/can_to_ros2_decoder/prefix_override:/home/prateek/ros2_ws/install/can_to_ros2_decoder/lib/python3.10/site-packages:${PYTHONPATH} /usr/bin/python3 -W ignore:setup.py install is deprecated setup.py egg_info --egg-base ../../build/can_to_ros2_decoder build --build-base /home/prateek/ros2_ws/build/can_to_ros2_decoder/build install --record /home/prateek/ros2_ws/build/can_to_ros2_decoder/install.log --single-version-externally-managed install_data
[0.725s] running egg_info
[0.726s] writing ../../build/can_to_ros2_decoder/can_to_ros2_decoder.egg-info/PKG-INFO
[0.726s] writing dependency_links to ../../build/can_to_ros2_decoder/can_to_ros2_decoder.egg-info/dependency_links.txt
[0.726s] writing entry points to ../../build/can_to_ros2_decoder/can_to_ros2_decoder.egg-info/entry_points.txt
[0.726s] writing requirements to ../../build/can_to_ros2_decoder/can_to_ros2_decoder.egg-info/requires.txt
[0.726s] writing top-level names to ../../build/can_to_ros2_decoder/can_to_ros2_decoder.egg-info/top_level.txt
[0.727s] reading manifest file '../../build/can_to_ros2_decoder/can_to_ros2_decoder.egg-info/SOURCES.txt'
[0.728s] writing manifest file '../../build/can_to_ros2_decoder/can_to_ros2_decoder.egg-info/SOURCES.txt'
[0.728s] running build
[0.728s] running build_py
[0.728s] running install
[0.729s] running install_lib
[0.730s] running install_data
[0.730s] running install_egg_info
[0.731s] removing '/home/prateek/ros2_ws/install/can_to_ros2_decoder/lib/python3.10/site-packages/can_to_ros2_decoder-0.0.0-py3.10.egg-info' (and everything under it)
[0.731s] Copying ../../build/can_to_ros2_decoder/can_to_ros2_decoder.egg-info to /home/prateek/ros2_ws/install/can_to_ros2_decoder/lib/python3.10/site-packages/can_to_ros2_decoder-0.0.0-py3.10.egg-info
[0.732s] running install_scripts
[0.746s] Installing can_data_logger script to /home/prateek/ros2_ws/install/can_to_ros2_decoder/lib/can_to_ros2_decoder
[0.746s] Installing can_data_sender_test script to /home/prateek/ros2_ws/install/can_to_ros2_decoder/lib/can_to_ros2_decoder
[0.746s] Installing can_data_visualizer script to /home/prateek/ros2_ws/install/can_to_ros2_decoder/lib/can_to_ros2_decoder
[0.746s] Installing can_decoder script to /home/prateek/ros2_ws/install/can_to_ros2_decoder/lib/can_to_ros2_decoder
[0.746s] writing list of installed files to '/home/prateek/ros2_ws/build/can_to_ros2_decoder/install.log'
[0.761s] Invoked command in '/home/prateek/ros2_ws/src/can_to_ros2_decoder' returned '0': PYTHONPATH=/home/prateek/ros2_ws/build/can_to_ros2_decoder/prefix_override:/home/prateek/ros2_ws/install/can_to_ros2_decoder/lib/python3.10/site-packages:${PYTHONPATH} /usr/bin/python3 -W ignore:setup.py install is deprecated setup.py egg_info --egg-base ../../build/can_to_ros2_decoder build --build-base /home/prateek/ros2_ws/build/can_to_ros2_decoder/build install --record /home/prateek/ros2_ws/build/can_to_ros2_decoder/install.log --single-version-externally-managed install_data
